<?xml version="1.0" encoding="UTF-8"?>
<!-- Generated by org.testng.reporters.JUnitReportReporter -->
<testsuite hostname="Admins-MacBook-Pro.local" failures="0" tests="4" name="api.test.UserTests" time="6.393" errors="0" timestamp="2024-05-16T10:13:43 BST" skipped="0">
  <testcase classname="api.test.UserTests" name="testPostUser" time="3.987"/>
  <testcase classname="api.test.UserTests" name="testGetUserByName" time="0.646"/>
  <testcase classname="api.test.UserTests" name="testUpdateUserByName" time="1.212"/>
  <testcase classname="api.test.UserTests" name="testDeleteUserByName" time="0.548"/>
</testsuite> <!-- api.test.UserTests -->
