<?xml version="1.0" encoding="UTF-8"?>
<!-- Generated by org.testng.reporters.JUnitReportReporter -->
<testsuite hostname="Admins-MBP.Home" failures="0" tests="6" name="api.test.DataDrivenTests" time="6.741" errors="0" timestamp="2024-05-04T17:34:51 BST" skipped="0">
  <testcase classname="api.test.DataDrivenTests" name="testPostuser" time="0.545"/>
  <testcase classname="api.test.DataDrivenTests" name="testPostuser" time="4.123"/>
  <testcase classname="api.test.DataDrivenTests" name="testPostuser" time="0.516"/>
  <testcase classname="api.test.DataDrivenTests" name="testDeleteUserByName" time="0.503"/>
  <testcase classname="api.test.DataDrivenTests" name="testDeleteUserByName" time="0.571"/>
  <testcase classname="api.test.DataDrivenTests" name="testDeleteUserByName" time="0.483"/>
</testsuite> <!-- api.test.DataDrivenTests -->
