<?xml version="1.0" encoding="UTF-8"?>
<!-- Generated by org.testng.reporters.JUnitReportReporter -->
<testsuite hostname="Admins-MacBook-Pro.local" failures="0" tests="4" name="api.test.UserTests" time="6.540" errors="0" timestamp="2024-05-16T10:14:18 BST" skipped="0">
  <testcase classname="api.test.UserTests" name="testPostUser" time="4.177"/>
  <testcase classname="api.test.UserTests" name="testGetUserByName" time="0.629"/>
  <testcase classname="api.test.UserTests" name="testUpdateUserByName" time="1.136"/>
  <testcase classname="api.test.UserTests" name="testDeleteUserByName" time="0.598"/>
</testsuite> <!-- api.test.UserTests -->
